2014-07-12 12:25:33.243 HelloCordova[14276:70b] Multi-tasking -> Device: YES, App: YES
2014-07-12 12:25:33.254 HelloCordova[14276:70b] Unlimited access to network resources
2014-07-12 12:25:33.279 HelloCordova[14276:70b] [CDVTimer][keyboard] 0.119984ms
2014-07-12 12:25:33.280 HelloCordova[14276:70b] CDVPlugin class CDVStatusBar (pluginName: statusbar) does not exist.
2014-07-12 12:25:33.281 HelloCordova[14276:70b] [CDVTimer][statusbar] 0.530005ms
2014-07-12 12:25:33.281 HelloCordova[14276:70b] [CDVTimer][TotalPluginStartup] 1.841009ms
2014-07-12 12:25:33.402 HelloCordova[14276:70b] Resetting plugins due to page load.
2014-07-12 12:25:33.621 HelloCordova[14276:70b] Finished load of: file:///Users/hhandoko/Library/Application%20Support/iPhone%20Simulator/7.1/Applications/E614CE58-F03F-43E7-AF99-9D97E8F25B50/HelloCordova.app/www/index.html#/tab/dash
2014-07-12 12:35:58.181 HelloCordova[15117:70b] Multi-tasking -> Device: YES, App: YES
2014-07-12 12:35:58.192 HelloCordova[15117:70b] Unlimited access to network resources
2014-07-12 12:35:58.215 HelloCordova[15117:70b] [CDVTimer][keyboard] 0.114977ms
2014-07-12 12:35:58.215 HelloCordova[15117:70b] CDVPlugin class CDVStatusBar (pluginName: statusbar) does not exist.
2014-07-12 12:35:58.216 HelloCordova[15117:70b] [CDVTimer][statusbar] 0.990987ms
2014-07-12 12:35:58.217 HelloCordova[15117:70b] [CDVTimer][TotalPluginStartup] 2.370000ms
2014-07-12 12:35:58.344 HelloCordova[15117:70b] Resetting plugins due to page load.
2014-07-12 12:35:58.480 HelloCordova[15117:70b] Finished load of: file:///Users/hhandoko/Library/Application%20Support/iPhone%20Simulator/7.1/Applications/E614CE58-F03F-43E7-AF99-9D97E8F25B50/HelloCordova.app/www/index.html#/tab/dash
2014-07-12 12:52:21.580 HelloCordova[16041:70b] Multi-tasking -> Device: YES, App: YES
2014-07-12 12:52:21.592 HelloCordova[16041:70b] Unlimited access to network resources
2014-07-12 12:52:21.617 HelloCordova[16041:70b] [CDVTimer][keyboard] 0.124991ms
2014-07-12 12:52:21.618 HelloCordova[16041:70b] CDVPlugin class CDVStatusBar (pluginName: statusbar) does not exist.
2014-07-12 12:52:21.619 HelloCordova[16041:70b] [CDVTimer][statusbar] 0.665009ms
2014-07-12 12:52:21.619 HelloCordova[16041:70b] [CDVTimer][TotalPluginStartup] 2.173007ms
2014-07-12 12:52:21.770 HelloCordova[16041:70b] Resetting plugins due to page load.
2014-07-12 12:52:21.939 HelloCordova[16041:70b] Finished load of: file:///Users/hhandoko/Library/Application%20Support/iPhone%20Simulator/7.1/Applications/E614CE58-F03F-43E7-AF99-9D97E8F25B50/HelloCordova.app/www/index.html#/tab/dash
